<?xml version="1.0" encoding="UTF-8"?>
<testsuite name="edu.jsu.mcis.ConverterTest" tests="2" skipped="0" failures="0" errors="0" timestamp="2016-09-23T22:06:43" hostname="Zebulon-PC" time="0.032">
  <properties/>
  <testcase name="testConvertCSVtoJSON" classname="edu.jsu.mcis.ConverterTest" time="0.026"/>
  <testcase name="testConvertJSONtoCSV" classname="edu.jsu.mcis.ConverterTest" time="0.005"/>
  <system-out><![CDATA[]]></system-out>
  <system-err><![CDATA[]]></system-err>
</testsuite>
